<?xml version="1.0" encoding="UTF-8"?>
<!-- Generated by org.testng.reporters.JUnitXMLReporter -->
<testsuite hostname="DESKTOP-F8O7HUC" failures="0" tests="3" name="Nopackage" time="82.462" errors="0" timestamp="7 Sep 2023 10:12:59 GMT">
  <testcase classname="com.hrms.testscript.TC001" name="tc001" time="49.469"/>
  <testcase classname="com.hrms.testscript.TC002" name="tc002" time="14.98"/>
  <testcase classname="com.hrms.testscript.TC003" name="tc003" time="17.98"/>
</testsuite> <!-- Nopackage -->
