<?xml version="1.0" encoding="UTF-8"?>
<testng-results total="3" passed="3" failed="0" skipped="0">
  <reporter-output>
    <line>
      <![CDATA[Applivation opened]]>
    </line>
    <line>
      <![CDATA[Login completed]]>
    </line>
    <line>
      <![CDATA[Logout completed]]>
    </line>
    <line>
      <![CDATA[Applivation opened]]>
    </line>
    <line>
      <![CDATA[Login completed]]>
    </line>
    <line>
      <![CDATA[ Entered into Frame]]>
    </line>
    <line>
      <![CDATA[Exite from frame]]>
    </line>
    <line>
      <![CDATA[Logout completed]]>
    </line>
    <line>
      <![CDATA[Applivation opened]]>
    </line>
    <line>
      <![CDATA[Login completed]]>
    </line>
    <line>
      <![CDATA[ Entered into Frame]]>
    </line>
    <line>
      <![CDATA[Exite from frame]]>
    </line>
    <line>
      <![CDATA[Logout completed]]>
    </line>
  </reporter-output>
  <suite started-at="2023-09-07T10:11:36Z" name="Suite1" finished-at="2023-09-07T10:12:59Z" duration-ms="82462">
    <groups>
    </groups>
    <test started-at="2023-09-07T10:11:36Z" name="Nopackage" finished-at="2023-09-07T10:12:59Z" duration-ms="82462">
      <class name="com.hrms.testscript.TC001">
        <test-method signature="tc001()[pri:0, instance:com.hrms.testscript.TC001@436c81a3]" started-at="2023-09-07T15:41:36Z" name="tc001" finished-at="2023-09-07T15:42:26Z" duration-ms="49469" status="PASS">
          <reporter-output>
            <line>
              <![CDATA[Applivation opened]]>
            </line>
            <line>
              <![CDATA[Login completed]]>
            </line>
            <line>
              <![CDATA[Logout completed]]>
            </line>
          </reporter-output>
        </test-method> <!-- tc001 -->
      </class> <!-- com.hrms.testscript.TC001 -->
      <class name="com.hrms.testscript.TC002">
        <test-method signature="tc002()[pri:0, instance:com.hrms.testscript.TC002@3561c410]" started-at="2023-09-07T15:42:26Z" name="tc002" finished-at="2023-09-07T15:42:41Z" duration-ms="14980" status="PASS">
          <reporter-output>
            <line>
              <![CDATA[Applivation opened]]>
            </line>
            <line>
              <![CDATA[Login completed]]>
            </line>
            <line>
              <![CDATA[ Entered into Frame]]>
            </line>
            <line>
              <![CDATA[Exite from frame]]>
            </line>
            <line>
              <![CDATA[Logout completed]]>
            </line>
          </reporter-output>
        </test-method> <!-- tc002 -->
      </class> <!-- com.hrms.testscript.TC002 -->
      <class name="com.hrms.testscript.TC003">
        <test-method signature="tc003()[pri:0, instance:com.hrms.testscript.TC003@571c5681]" started-at="2023-09-07T15:42:41Z" name="tc003" finished-at="2023-09-07T15:42:59Z" duration-ms="17980" status="PASS">
          <reporter-output>
            <line>
              <![CDATA[Applivation opened]]>
            </line>
            <line>
              <![CDATA[Login completed]]>
            </line>
            <line>
              <![CDATA[ Entered into Frame]]>
            </line>
            <line>
              <![CDATA[Exite from frame]]>
            </line>
            <line>
              <![CDATA[Logout completed]]>
            </line>
          </reporter-output>
        </test-method> <!-- tc003 -->
      </class> <!-- com.hrms.testscript.TC003 -->
    </test> <!-- Nopackage -->
  </suite> <!-- Suite1 -->
</testng-results>
